<?xml version="1.0" encoding="UTF-8"?>
<testng-results ignored="0" total="1" passed="1" failed="0" skipped="0">
  <reporter-output>
  </reporter-output>
  <suite started-at="2026-03-22T01:18:48 IST" name="Default suite" finished-at="2026-03-22T01:18:51 IST" duration-ms="2988">
    <groups>
      <group name="sanity">
        <method signature="LoginTest.validLoginTest()[pri:0, instance:com.ui.tests.LoginTest@409bf450]" name="validLoginTest" class="com.ui.tests.LoginTest"/>
      </group> <!-- sanity -->
      <group name="e2e">
        <method signature="LoginTest.validLoginTest()[pri:0, instance:com.ui.tests.LoginTest@409bf450]" name="validLoginTest" class="com.ui.tests.LoginTest"/>
      </group> <!-- e2e -->
    </groups>
    <test started-at="2026-03-22T01:18:48 IST" name="Default test" finished-at="2026-03-22T01:18:51 IST" duration-ms="2988">
      <class name="com.ui.tests.LoginTest">
        <test-method is-config="true" signature="setUp()[pri:0, instance:com.ui.tests.LoginTest@409bf450]" started-at="2026-03-22T01:18:48 IST" name="setUp" description="Load the LandingPage of the Website " finished-at="2026-03-22T01:18:50 IST" duration-ms="2212" status="PASS">
          <reporter-output>
          </reporter-output>
        </test-method> <!-- setUp -->
        <test-method signature="validLoginTest()[pri:0, instance:com.ui.tests.LoginTest@409bf450]" started-at="2026-03-22T01:18:50 IST" name="validLoginTest" description="Verify login using with valid login credentials" finished-at="2026-03-22T01:18:51 IST" duration-ms="733" status="PASS">
          <reporter-output>
          </reporter-output>
        </test-method> <!-- validLoginTest -->
      </class> <!-- com.ui.tests.LoginTest -->
    </test> <!-- Default test -->
  </suite> <!-- Default suite -->
</testng-results>
